<?xml version="1.0" encoding="UTF-8" ?>
<testsuite tests="14" failures="0" name="org.example.operators.StringOperatorsTest" time="0.008" errors="0" skipped="0">
  <properties>
[...]
</properties>
  <testcase classname="org.example.operators.StringOperatorsTest" name="itReturnsYesForANumberKGreaterThanSumofSandTAttendingToTheEvenDifferenceCondition" time="0.007"/>
  <testcase classname="org.example.operators.StringOperatorsTest" name="itThrowsConstraintExceptionForStringSLowerGreaterThan100" time="0"/>
  <testcase classname="org.example.operators.StringOperatorsTest" name="itReturnsYesForANumberKGreaterThanSumofSandTAttendingToTheEvenDifferenceConditionButKIsOdd" time="0"/>
  <testcase classname="org.example.operators.StringOperatorsTest" name="itThrowsExceptionForStringTWithoutTheAppropriateCharacters" time="0"/>
  <testcase classname="org.example.operators.StringOperatorsTest" name="itThrowsConstraintExceptionForStringSLowerThan1" time="0"/>
  <testcase classname="org.example.operators.StringOperatorsTest" name="itReturnsYesForKSmallerThanNumberOfOperationsButOdd" time="0.001"/>
  <testcase classname="org.example.operators.StringOperatorsTest" name="itReturnsYesForKGreaterThanNumberOfOperationsButOdd" time="0"/>
  <testcase classname="org.example.operators.StringOperatorsTest" name="itThrowsConstraintDueToKGreaterThan100" time="0"/>
  <testcase classname="org.example.operators.StringOperatorsTest" name="itReturnsYesForKSmallerThanNumberOfOperationsEven" time="0"/>
  <testcase classname="org.example.operators.StringOperatorsTest" name="itThrowsExceptionForStringSWithoutTheAppropriateCharacters" time="0"/>
  <testcase classname="org.example.operators.StringOperatorsTest" name="itThrowsConstraintDueToKZero" time="0"/>
  <testcase classname="org.example.operators.StringOperatorsTest" name="itReturnsYesForKEqualNumberOfOperations" time="0"/>
  <testcase classname="org.example.operators.StringOperatorsTest" name="itThrowsConstraintExceptionForStringTLowerThan1" time="0"/>
  <testcase classname="org.example.operators.StringOperatorsTest" name="itThrowsConstraintExceptionForStringTLowerGreaterThan100" time="0"/>
</testsuite>